<?xml version="1.0" encoding="UTF-8"?>
<!-- Generated by org.testng.reporters.JUnitXMLReporter -->
<testsuite ignored="0" hostname="LAPTOP-U4RBV0NB" failures="0" tests="3" name="Test-Runner-Firefox" time="97.451" errors="0" timestamp="2023-04-08T12:15:24 IST">
  <testcase classname="Vitiger.Organizations.CreateOrganizationTest" name="CreateOrganizationTest" time="34.229"/>
  <testcase classname="Vitiger.Organizations.CreateOrganizationTest" name="demoScript" time="0.003"/>
  <testcase classname="Vitiger.Organizations.CreateOrganizationTest" name="regional" time="0.001"/>
</testsuite> <!-- Test-Runner-Firefox -->
