<?xml version="1.0" encoding="UTF-8"?>
<!-- Generated by org.testng.reporters.JUnitXMLReporter -->
<testsuite ignored="0" hostname="LAPTOP-U4RBV0NB" failures="0" tests="1" name="Test-Runner2" time="66.942" errors="0" timestamp="2023-04-07T18:01:42 IST">
  <testcase classname="Vitiger.Organizations.CreateMultipleOrgWithIndustryTest" name="createMultipleOrgTest" time="0.0">
    <skipped/>
  </testcase> <!-- createMultipleOrgTest -->
</testsuite> <!-- Test-Runner2 -->
