<?xml version="1.0" encoding="UTF-8"?>
<!-- Generated by org.testng.reporters.JUnitReportReporter -->
<testsuite hostname="LAPTOP-U4RBV0NB" failures="0" tests="1" name="Vitiger.Organizations.CreateMultipleOrgWithIndustryTest" time="0.000" errors="0" timestamp="2023-04-08T10:50:34 IST" skipped="1">
  <testcase classname="Vitiger.Organizations.CreateMultipleOrgWithIndustryTest" name="createMultipleOrgTest" time="0.000">
    <skipped/>
  </testcase> <!-- createMultipleOrgTest -->
  <system-out/>
</testsuite> <!-- Vitiger.Organizations.CreateMultipleOrgWithIndustryTest -->
