<?xml version="1.0" encoding="UTF-8"?>
<!-- Generated by org.testng.reporters.JUnitReportReporter -->
<testsuite hostname="LAPTOP-U4RBV0NB" failures="0" tests="1" name="Vitiger.Contacts.CreateContactWithOrganizationTest" time="48.834" errors="0" timestamp="2023-04-06T15:29:00 IST" skipped="0">
  <testcase classname="Vitiger.Contacts.CreateContactWithOrganizationTest" name="createContactWithOrganizationTest" time="48.834"/>
  <system-out>
    <![CDATA[click on Organization Link Successful
click on create Organization lookup img successful
create Organization with mandatory details Successful
Navigate to contacts Link successful
Click on create contact lookup img Successful
Create contact with mandatory fields and save Successful]]>
  </system-out>
</testsuite> <!-- Vitiger.Contacts.CreateContactWithOrganizationTest -->
